
Source file: L9_1.X68
Assembled on: 18-11-14 at: 20:01:25
          by: X68K PC-2.2 Copyright (c) University of Teesside 1989,96
Defaults: ORG $0/FORMAT/OPT A,BRL,CEX,CL,FRL,MC,MD,NOMEX,NOPCO

    1                        
    2  00008024                        ORG       $8024
    3  00008024 4EF900009500           JMP       TRAP5
    4                        
    5  00008500                        ORG       $8500
    6  00008500 68656C6C6F00 HI:       DC.B      'hello',0
    7                        
    8  00009000                        ORG       $9000
    9  00009000 227C00008500 START:    MOVEA.L   #HI,A1
   10  00009006 4E45                   TRAP      #5
   11  00009008 103C000A               MOVE.B    #$0A,D0
   12  0000900C 4E41                   TRAP      #1
   13  0000900E 4E4E                   TRAP      #14
   14                         
   15                        
   16                        
   17                        
   18  00009500                        ORG       $9500
   19  00009500 48E7C040     TRAP5:    MOVEM.L   D0-D1/A1,-(SP)
   20  00009504 0C110000     LOOP:     CMPI.B    #0,(A1)
   21  00009508 6700001A               BEQ       EXIT
   22  0000950C 1019                   MOVE.B    (A1)+,D0
   23  0000950E 1200                   MOVE.B    D0,D1
   24  00009510 04010020               SUBI.B    #$20,D1
   25  00009514 0C010077               CMPI.B    #$77,D1
   26  00009518 6C000006               BGE       LOWER
   27  0000951C 6000000C               BRA       TOUPPER
   28  00009520 4E41         LOWER:    TRAP      #1
   29  00009522 60E0                   BRA       LOOP
   30  00009524 4CDF0203     EXIT:     MOVEM.L   (SP)+,D0-D1/A1
   31  00009528 4E73                   RTE       
   32                        
   33  0000952A 04000020     TOUPPER:  SUBI.B    #$20,D0
   34  0000952E 60F0                   BRA       LOWER
   35                        
   36                        
   37                         
   38           00009000               END       START

Lines: 38, Errors: 0, Warnings: 0.
